{"/Users/leekirkham_1/Desktop/MSc Computer Science/M10 - Dissertation Project/clinical-guideline-app-BE/app.js": {"path":"/Users/leekirkham_1/Desktop/MSc Computer Science/M10 - Dissertation Project/clinical-guideline-app-BE/app.js","statementMap":{"0":{"start":{"line":1,"column":0},"end":{"line":1,"column":27}},"1":{"start":{"line":2,"column":16},"end":{"line":2,"column":34}},"2":{"start":{"line":3,"column":13},"end":{"line":3,"column":28}},"3":{"start":{"line":4,"column":18},"end":{"line":4,"column":48}},"4":{"start":{"line":11,"column":4},"end":{"line":11,"column":33}},"5":{"start":{"line":14,"column":12},"end":{"line":14,"column":21}},"6":{"start":{"line":17,"column":0},"end":{"line":17,"column":16}},"7":{"start":{"line":18,"column":0},"end":{"line":25,"column":2}},"8":{"start":{"line":21,"column":6},"end":{"line":21,"column":35}},"9":{"start":{"line":26,"column":0},"end":{"line":26,"column":63}},"10":{"start":{"line":29,"column":0},"end":{"line":29,"column":27}},"11":{"start":{"line":32,"column":0},"end":{"line":32,"column":25}},"12":{"start":{"line":33,"column":0},"end":{"line":33,"column":28}},"13":{"start":{"line":34,"column":0},"end":{"line":34,"column":25}},"14":{"start":{"line":35,"column":0},"end":{"line":35,"column":28}},"15":{"start":{"line":37,"column":0},"end":{"line":37,"column":21}}},"fnMap":{"0":{"name":"(anonymous_0)","decl":{"start":{"line":20,"column":12},"end":{"line":20,"column":13}},"loc":{"start":{"line":20,"column":31},"end":{"line":22,"column":5}},"line":20}},"branchMap":{},"s":{"0":1,"1":1,"2":1,"3":1,"4":1,"5":1,"6":1,"7":1,"8":38,"9":1,"10":1,"11":1,"12":1,"13":1,"14":1,"15":1},"f":{"0":38},"b":{},"_coverageSchema":"1a1c01bbd47fc00a2c39e90264f33305004495a9","hash":"7bd8e85058af36226e050a2458725b62383c60fa"}
,"/Users/leekirkham_1/Desktop/MSc Computer Science/M10 - Dissertation Project/clinical-guideline-app-BE/controllers/api.controller.js": {"path":"/Users/leekirkham_1/Desktop/MSc Computer Science/M10 - Dissertation Project/clinical-guideline-app-BE/controllers/api.controller.js","statementMap":{"0":{"start":{"line":1,"column":0},"end":{"line":9,"column":2}},"1":{"start":{"line":2,"column":2},"end":{"line":8,"column":3}},"2":{"start":{"line":3,"column":4},"end":{"line":5,"column":77}},"3":{"start":{"line":7,"column":4},"end":{"line":7,"column":14}}},"fnMap":{"0":{"name":"(anonymous_0)","decl":{"start":{"line":1,"column":21},"end":{"line":1,"column":22}},"loc":{"start":{"line":1,"column":47},"end":{"line":9,"column":1}},"line":1}},"branchMap":{},"s":{"0":1,"1":1,"2":1,"3":0},"f":{"0":1},"b":{},"_coverageSchema":"1a1c01bbd47fc00a2c39e90264f33305004495a9","hash":"c09aca60b708c80952d3680b6a0c37b38794fe00"}
,"/Users/leekirkham_1/Desktop/MSc Computer Science/M10 - Dissertation Project/clinical-guideline-app-BE/controllers/approvals.controller.js": {"path":"/Users/leekirkham_1/Desktop/MSc Computer Science/M10 - Dissertation Project/clinical-guideline-app-BE/controllers/approvals.controller.js","statementMap":{"0":{"start":{"line":6,"column":4},"end":{"line":6,"column":40}},"1":{"start":{"line":8,"column":0},"end":{"line":16,"column":2}},"2":{"start":{"line":9,"column":2},"end":{"line":15,"column":3}},"3":{"start":{"line":10,"column":22},"end":{"line":10,"column":46}},"4":{"start":{"line":12,"column":4},"end":{"line":12,"column":40}},"5":{"start":{"line":14,"column":4},"end":{"line":14,"column":14}},"6":{"start":{"line":18,"column":0},"end":{"line":28,"column":2}},"7":{"start":{"line":19,"column":2},"end":{"line":27,"column":3}},"8":{"start":{"line":20,"column":30},"end":{"line":20,"column":40}},"9":{"start":{"line":22,"column":21},"end":{"line":22,"column":68}},"10":{"start":{"line":24,"column":4},"end":{"line":24,"column":39}},"11":{"start":{"line":26,"column":4},"end":{"line":26,"column":14}},"12":{"start":{"line":30,"column":0},"end":{"line":47,"column":2}},"13":{"start":{"line":31,"column":2},"end":{"line":46,"column":3}},"14":{"start":{"line":32,"column":25},"end":{"line":32,"column":33}},"15":{"start":{"line":33,"column":21},"end":{"line":33,"column":30}},"16":{"start":{"line":36,"column":4},"end":{"line":38,"column":5}},"17":{"start":{"line":37,"column":6},"end":{"line":37,"column":76}},"18":{"start":{"line":40,"column":4},"end":{"line":43,"column":5}},"19":{"start":{"line":41,"column":6},"end":{"line":41,"column":59}},"20":{"start":{"line":42,"column":6},"end":{"line":42,"column":41}},"21":{"start":{"line":45,"column":4},"end":{"line":45,"column":14}},"22":{"start":{"line":49,"column":0},"end":{"line":65,"column":2}},"23":{"start":{"line":50,"column":2},"end":{"line":64,"column":3}},"24":{"start":{"line":51,"column":30},"end":{"line":51,"column":40}},"25":{"start":{"line":53,"column":28},"end":{"line":55,"column":5}},"26":{"start":{"line":57,"column":4},"end":{"line":61,"column":5}},"27":{"start":{"line":58,"column":6},"end":{"line":58,"column":26}},"28":{"start":{"line":60,"column":6},"end":{"line":60,"column":16}},"29":{"start":{"line":63,"column":4},"end":{"line":63,"column":14}}},"fnMap":{"0":{"name":"(anonymous_0)","decl":{"start":{"line":8,"column":26},"end":{"line":8,"column":27}},"loc":{"start":{"line":8,"column":52},"end":{"line":16,"column":1}},"line":8},"1":{"name":"(anonymous_1)","decl":{"start":{"line":18,"column":36},"end":{"line":18,"column":37}},"loc":{"start":{"line":18,"column":62},"end":{"line":28,"column":1}},"line":18},"2":{"name":"(anonymous_2)","decl":{"start":{"line":30,"column":23},"end":{"line":30,"column":24}},"loc":{"start":{"line":30,"column":49},"end":{"line":47,"column":1}},"line":30},"3":{"name":"(anonymous_3)","decl":{"start":{"line":49,"column":39},"end":{"line":49,"column":40}},"loc":{"start":{"line":49,"column":65},"end":{"line":65,"column":1}},"line":49}},"branchMap":{"0":{"loc":{"start":{"line":36,"column":4},"end":{"line":38,"column":5}},"type":"if","locations":[{"start":{"line":36,"column":4},"end":{"line":38,"column":5}},{"start":{},"end":{}}],"line":36},"1":{"loc":{"start":{"line":40,"column":4},"end":{"line":43,"column":5}},"type":"if","locations":[{"start":{"line":40,"column":4},"end":{"line":43,"column":5}},{"start":{},"end":{}}],"line":40},"2":{"loc":{"start":{"line":57,"column":4},"end":{"line":61,"column":5}},"type":"if","locations":[{"start":{"line":57,"column":4},"end":{"line":61,"column":5}},{"start":{"line":59,"column":11},"end":{"line":61,"column":5}}],"line":57}},"s":{"0":1,"1":1,"2":1,"3":1,"4":1,"5":0,"6":1,"7":5,"8":5,"9":5,"10":1,"11":4,"12":1,"13":4,"14":4,"15":4,"16":4,"17":1,"18":4,"19":3,"20":1,"21":2,"22":1,"23":3,"24":3,"25":3,"26":1,"27":1,"28":0,"29":2},"f":{"0":1,"1":5,"2":4,"3":3},"b":{"0":[1,3],"1":[3,1],"2":[1,0]},"_coverageSchema":"1a1c01bbd47fc00a2c39e90264f33305004495a9","hash":"d63f613403db4e57eb9813c1778a6d0744d8224e"}
,"/Users/leekirkham_1/Desktop/MSc Computer Science/M10 - Dissertation Project/clinical-guideline-app-BE/controllers/branches.controller.js": {"path":"/Users/leekirkham_1/Desktop/MSc Computer Science/M10 - Dissertation Project/clinical-guideline-app-BE/controllers/branches.controller.js","statementMap":{"0":{"start":{"line":14,"column":4},"end":{"line":14,"column":39}},"1":{"start":{"line":16,"column":0},"end":{"line":24,"column":2}},"2":{"start":{"line":17,"column":2},"end":{"line":23,"column":3}},"3":{"start":{"line":18,"column":21},"end":{"line":18,"column":44}},"4":{"start":{"line":20,"column":4},"end":{"line":20,"column":39}},"5":{"start":{"line":22,"column":4},"end":{"line":22,"column":14}},"6":{"start":{"line":26,"column":0},"end":{"line":36,"column":2}},"7":{"start":{"line":27,"column":2},"end":{"line":35,"column":3}},"8":{"start":{"line":28,"column":28},"end":{"line":28,"column":38}},"9":{"start":{"line":30,"column":19},"end":{"line":30,"column":60}},"10":{"start":{"line":32,"column":4},"end":{"line":32,"column":37}},"11":{"start":{"line":34,"column":4},"end":{"line":34,"column":14}},"12":{"start":{"line":38,"column":0},"end":{"line":58,"column":2}},"13":{"start":{"line":39,"column":2},"end":{"line":57,"column":3}},"14":{"start":{"line":40,"column":23},"end":{"line":40,"column":31}},"15":{"start":{"line":41,"column":21},"end":{"line":41,"column":30}},"16":{"start":{"line":44,"column":4},"end":{"line":46,"column":5}},"17":{"start":{"line":45,"column":6},"end":{"line":45,"column":76}},"18":{"start":{"line":48,"column":4},"end":{"line":54,"column":5}},"19":{"start":{"line":49,"column":6},"end":{"line":49,"column":53}},"20":{"start":{"line":50,"column":6},"end":{"line":50,"column":39}},"21":{"start":{"line":51,"column":11},"end":{"line":54,"column":5}},"22":{"start":{"line":52,"column":6},"end":{"line":52,"column":55}},"23":{"start":{"line":53,"column":6},"end":{"line":53,"column":39}},"24":{"start":{"line":56,"column":4},"end":{"line":56,"column":14}},"25":{"start":{"line":60,"column":0},"end":{"line":77,"column":2}},"26":{"start":{"line":61,"column":2},"end":{"line":76,"column":3}},"27":{"start":{"line":62,"column":28},"end":{"line":62,"column":38}},"28":{"start":{"line":63,"column":60},"end":{"line":63,"column":68}},"29":{"start":{"line":65,"column":19},"end":{"line":71,"column":5}},"30":{"start":{"line":73,"column":4},"end":{"line":73,"column":37}},"31":{"start":{"line":75,"column":4},"end":{"line":75,"column":14}},"32":{"start":{"line":79,"column":0},"end":{"line":93,"column":2}},"33":{"start":{"line":80,"column":2},"end":{"line":92,"column":3}},"34":{"start":{"line":81,"column":28},"end":{"line":81,"column":38}},"35":{"start":{"line":83,"column":26},"end":{"line":83,"column":72}},"36":{"start":{"line":85,"column":4},"end":{"line":89,"column":5}},"37":{"start":{"line":86,"column":6},"end":{"line":86,"column":26}},"38":{"start":{"line":88,"column":6},"end":{"line":88,"column":16}},"39":{"start":{"line":91,"column":4},"end":{"line":91,"column":14}},"40":{"start":{"line":95,"column":0},"end":{"line":109,"column":2}},"41":{"start":{"line":96,"column":2},"end":{"line":108,"column":3}},"42":{"start":{"line":97,"column":26},"end":{"line":97,"column":34}},"43":{"start":{"line":98,"column":28},"end":{"line":98,"column":38}},"44":{"start":{"line":100,"column":19},"end":{"line":103,"column":5}},"45":{"start":{"line":105,"column":4},"end":{"line":105,"column":37}},"46":{"start":{"line":107,"column":4},"end":{"line":107,"column":14}},"47":{"start":{"line":111,"column":0},"end":{"line":125,"column":2}},"48":{"start":{"line":112,"column":2},"end":{"line":124,"column":3}},"49":{"start":{"line":113,"column":28},"end":{"line":113,"column":38}},"50":{"start":{"line":114,"column":27},"end":{"line":114,"column":35}},"51":{"start":{"line":116,"column":19},"end":{"line":119,"column":5}},"52":{"start":{"line":121,"column":4},"end":{"line":121,"column":37}},"53":{"start":{"line":123,"column":4},"end":{"line":123,"column":14}},"54":{"start":{"line":127,"column":0},"end":{"line":137,"column":2}},"55":{"start":{"line":128,"column":2},"end":{"line":136,"column":3}},"56":{"start":{"line":129,"column":28},"end":{"line":129,"column":38}},"57":{"start":{"line":131,"column":19},"end":{"line":131,"column":61}},"58":{"start":{"line":133,"column":4},"end":{"line":133,"column":37}},"59":{"start":{"line":135,"column":4},"end":{"line":135,"column":14}},"60":{"start":{"line":139,"column":0},"end":{"line":149,"column":2}},"61":{"start":{"line":140,"column":2},"end":{"line":148,"column":3}},"62":{"start":{"line":141,"column":28},"end":{"line":141,"column":38}},"63":{"start":{"line":143,"column":19},"end":{"line":143,"column":63}},"64":{"start":{"line":145,"column":4},"end":{"line":145,"column":37}},"65":{"start":{"line":147,"column":4},"end":{"line":147,"column":14}},"66":{"start":{"line":151,"column":0},"end":{"line":161,"column":2}},"67":{"start":{"line":152,"column":2},"end":{"line":160,"column":3}},"68":{"start":{"line":153,"column":28},"end":{"line":153,"column":38}},"69":{"start":{"line":155,"column":21},"end":{"line":155,"column":61}},"70":{"start":{"line":157,"column":4},"end":{"line":157,"column":39}},"71":{"start":{"line":159,"column":4},"end":{"line":159,"column":14}},"72":{"start":{"line":163,"column":0},"end":{"line":177,"column":2}},"73":{"start":{"line":164,"column":2},"end":{"line":176,"column":3}},"74":{"start":{"line":165,"column":27},"end":{"line":165,"column":35}},"75":{"start":{"line":166,"column":28},"end":{"line":166,"column":38}},"76":{"start":{"line":168,"column":20},"end":{"line":171,"column":5}},"77":{"start":{"line":173,"column":4},"end":{"line":173,"column":38}},"78":{"start":{"line":175,"column":4},"end":{"line":175,"column":14}}},"fnMap":{"0":{"name":"(anonymous_0)","decl":{"start":{"line":16,"column":22},"end":{"line":16,"column":23}},"loc":{"start":{"line":16,"column":48},"end":{"line":24,"column":1}},"line":16},"1":{"name":"(anonymous_1)","decl":{"start":{"line":26,"column":32},"end":{"line":26,"column":33}},"loc":{"start":{"line":26,"column":58},"end":{"line":36,"column":1}},"line":26},"2":{"name":"(anonymous_2)","decl":{"start":{"line":38,"column":21},"end":{"line":38,"column":22}},"loc":{"start":{"line":38,"column":47},"end":{"line":58,"column":1}},"line":38},"3":{"name":"(anonymous_3)","decl":{"start":{"line":60,"column":34},"end":{"line":60,"column":35}},"loc":{"start":{"line":60,"column":60},"end":{"line":77,"column":1}},"line":60},"4":{"name":"(anonymous_4)","decl":{"start":{"line":79,"column":35},"end":{"line":79,"column":36}},"loc":{"start":{"line":79,"column":61},"end":{"line":93,"column":1}},"line":79},"5":{"name":"(anonymous_5)","decl":{"start":{"line":95,"column":41},"end":{"line":95,"column":42}},"loc":{"start":{"line":95,"column":67},"end":{"line":109,"column":1}},"line":95},"6":{"name":"(anonymous_6)","decl":{"start":{"line":111,"column":48},"end":{"line":111,"column":49}},"loc":{"start":{"line":111,"column":74},"end":{"line":125,"column":1}},"line":111},"7":{"name":"(anonymous_7)","decl":{"start":{"line":127,"column":50},"end":{"line":127,"column":51}},"loc":{"start":{"line":127,"column":76},"end":{"line":137,"column":1}},"line":127},"8":{"name":"(anonymous_8)","decl":{"start":{"line":139,"column":48},"end":{"line":139,"column":49}},"loc":{"start":{"line":139,"column":74},"end":{"line":149,"column":1}},"line":139},"9":{"name":"(anonymous_9)","decl":{"start":{"line":151,"column":28},"end":{"line":151,"column":29}},"loc":{"start":{"line":151,"column":54},"end":{"line":161,"column":1}},"line":151},"10":{"name":"(anonymous_10)","decl":{"start":{"line":163,"column":36},"end":{"line":163,"column":37}},"loc":{"start":{"line":163,"column":62},"end":{"line":177,"column":1}},"line":163}},"branchMap":{"0":{"loc":{"start":{"line":44,"column":4},"end":{"line":46,"column":5}},"type":"if","locations":[{"start":{"line":44,"column":4},"end":{"line":46,"column":5}},{"start":{},"end":{}}],"line":44},"1":{"loc":{"start":{"line":48,"column":4},"end":{"line":54,"column":5}},"type":"if","locations":[{"start":{"line":48,"column":4},"end":{"line":54,"column":5}},{"start":{"line":51,"column":11},"end":{"line":54,"column":5}}],"line":48},"2":{"loc":{"start":{"line":51,"column":11},"end":{"line":54,"column":5}},"type":"if","locations":[{"start":{"line":51,"column":11},"end":{"line":54,"column":5}},{"start":{},"end":{}}],"line":51},"3":{"loc":{"start":{"line":85,"column":4},"end":{"line":89,"column":5}},"type":"if","locations":[{"start":{"line":85,"column":4},"end":{"line":89,"column":5}},{"start":{"line":87,"column":11},"end":{"line":89,"column":5}}],"line":85}},"s":{"0":1,"1":1,"2":1,"3":1,"4":1,"5":0,"6":1,"7":5,"8":5,"9":5,"10":1,"11":4,"12":1,"13":7,"14":7,"15":7,"16":7,"17":1,"18":7,"19":5,"20":4,"21":2,"22":1,"23":1,"24":1,"25":1,"26":9,"27":9,"28":9,"29":9,"30":5,"31":4,"32":1,"33":7,"34":7,"35":7,"36":4,"37":4,"38":0,"39":3,"40":1,"41":4,"42":4,"43":4,"44":4,"45":2,"46":2,"47":1,"48":1,"49":1,"50":1,"51":1,"52":1,"53":0,"54":1,"55":1,"56":1,"57":1,"58":1,"59":0,"60":1,"61":1,"62":1,"63":1,"64":1,"65":0,"66":1,"67":2,"68":2,"69":2,"70":2,"71":0,"72":1,"73":7,"74":7,"75":7,"76":7,"77":2,"78":5},"f":{"0":1,"1":5,"2":7,"3":9,"4":7,"5":4,"6":1,"7":1,"8":1,"9":2,"10":7},"b":{"0":[1,6],"1":[5,2],"2":[1,1],"3":[4,0]},"_coverageSchema":"1a1c01bbd47fc00a2c39e90264f33305004495a9","hash":"5600fbfeb32e6a043a22fe4a3d8b5a6f3fad306f"}
,"/Users/leekirkham_1/Desktop/MSc Computer Science/M10 - Dissertation Project/clinical-guideline-app-BE/controllers/guidelines.controller.js": {"path":"/Users/leekirkham_1/Desktop/MSc Computer Science/M10 - Dissertation Project/clinical-guideline-app-BE/controllers/guidelines.controller.js","statementMap":{"0":{"start":{"line":7,"column":4},"end":{"line":7,"column":41}},"1":{"start":{"line":9,"column":0},"end":{"line":19,"column":2}},"2":{"start":{"line":10,"column":2},"end":{"line":18,"column":3}},"3":{"start":{"line":11,"column":23},"end":{"line":11,"column":32}},"4":{"start":{"line":13,"column":23},"end":{"line":13,"column":54}},"5":{"start":{"line":15,"column":4},"end":{"line":15,"column":41}},"6":{"start":{"line":17,"column":4},"end":{"line":17,"column":14}},"7":{"start":{"line":21,"column":0},"end":{"line":31,"column":2}},"8":{"start":{"line":22,"column":2},"end":{"line":30,"column":3}},"9":{"start":{"line":23,"column":29},"end":{"line":23,"column":39}},"10":{"start":{"line":25,"column":22},"end":{"line":25,"column":63}},"11":{"start":{"line":27,"column":4},"end":{"line":27,"column":40}},"12":{"start":{"line":29,"column":4},"end":{"line":29,"column":14}},"13":{"start":{"line":33,"column":0},"end":{"line":43,"column":2}},"14":{"start":{"line":34,"column":2},"end":{"line":42,"column":3}},"15":{"start":{"line":35,"column":21},"end":{"line":35,"column":29}},"16":{"start":{"line":37,"column":22},"end":{"line":37,"column":56}},"17":{"start":{"line":39,"column":4},"end":{"line":39,"column":40}},"18":{"start":{"line":41,"column":4},"end":{"line":41,"column":14}},"19":{"start":{"line":45,"column":0},"end":{"line":55,"column":2}},"20":{"start":{"line":46,"column":2},"end":{"line":54,"column":3}},"21":{"start":{"line":47,"column":29},"end":{"line":47,"column":39}},"22":{"start":{"line":49,"column":4},"end":{"line":49,"column":51}},"23":{"start":{"line":51,"column":4},"end":{"line":51,"column":24}},"24":{"start":{"line":53,"column":4},"end":{"line":53,"column":14}},"25":{"start":{"line":57,"column":0},"end":{"line":72,"column":2}},"26":{"start":{"line":58,"column":2},"end":{"line":71,"column":3}},"27":{"start":{"line":59,"column":29},"end":{"line":59,"column":39}},"28":{"start":{"line":60,"column":49},"end":{"line":60,"column":57}},"29":{"start":{"line":62,"column":22},"end":{"line":66,"column":5}},"30":{"start":{"line":68,"column":4},"end":{"line":68,"column":40}},"31":{"start":{"line":70,"column":4},"end":{"line":70,"column":14}}},"fnMap":{"0":{"name":"(anonymous_0)","decl":{"start":{"line":9,"column":24},"end":{"line":9,"column":25}},"loc":{"start":{"line":9,"column":50},"end":{"line":19,"column":1}},"line":9},"1":{"name":"(anonymous_1)","decl":{"start":{"line":21,"column":27},"end":{"line":21,"column":28}},"loc":{"start":{"line":21,"column":53},"end":{"line":31,"column":1}},"line":21},"2":{"name":"(anonymous_2)","decl":{"start":{"line":33,"column":24},"end":{"line":33,"column":25}},"loc":{"start":{"line":33,"column":50},"end":{"line":43,"column":1}},"line":33},"3":{"name":"(anonymous_3)","decl":{"start":{"line":45,"column":30},"end":{"line":45,"column":31}},"loc":{"start":{"line":45,"column":56},"end":{"line":55,"column":1}},"line":45},"4":{"name":"(anonymous_4)","decl":{"start":{"line":57,"column":29},"end":{"line":57,"column":30}},"loc":{"start":{"line":57,"column":55},"end":{"line":72,"column":1}},"line":57}},"branchMap":{},"s":{"0":1,"1":1,"2":6,"3":6,"4":6,"5":6,"6":0,"7":1,"8":8,"9":8,"10":8,"11":4,"12":4,"13":1,"14":2,"15":2,"16":2,"17":1,"18":1,"19":1,"20":4,"21":4,"22":4,"23":2,"24":2,"25":1,"26":4,"27":4,"28":4,"29":4,"30":2,"31":2},"f":{"0":6,"1":8,"2":2,"3":4,"4":4},"b":{},"_coverageSchema":"1a1c01bbd47fc00a2c39e90264f33305004495a9","hash":"9ca352757dcd7f48805129e5b95f299f375d43fe"}
,"/Users/leekirkham_1/Desktop/MSc Computer Science/M10 - Dissertation Project/clinical-guideline-app-BE/controllers/users.controller.js": {"path":"/Users/leekirkham_1/Desktop/MSc Computer Science/M10 - Dissertation Project/clinical-guideline-app-BE/controllers/users.controller.js","statementMap":{"0":{"start":{"line":1,"column":45},"end":{"line":1,"column":77}},"1":{"start":{"line":3,"column":0},"end":{"line":11,"column":2}},"2":{"start":{"line":4,"column":2},"end":{"line":10,"column":3}},"3":{"start":{"line":5,"column":18},"end":{"line":5,"column":38}},"4":{"start":{"line":7,"column":4},"end":{"line":7,"column":36}},"5":{"start":{"line":9,"column":4},"end":{"line":9,"column":14}},"6":{"start":{"line":13,"column":0},"end":{"line":23,"column":2}},"7":{"start":{"line":14,"column":2},"end":{"line":22,"column":3}},"8":{"start":{"line":15,"column":25},"end":{"line":15,"column":35}},"9":{"start":{"line":17,"column":17},"end":{"line":17,"column":51}},"10":{"start":{"line":19,"column":4},"end":{"line":19,"column":35}},"11":{"start":{"line":21,"column":4},"end":{"line":21,"column":14}}},"fnMap":{"0":{"name":"(anonymous_0)","decl":{"start":{"line":3,"column":19},"end":{"line":3,"column":20}},"loc":{"start":{"line":3,"column":45},"end":{"line":11,"column":1}},"line":3},"1":{"name":"(anonymous_1)","decl":{"start":{"line":13,"column":28},"end":{"line":13,"column":29}},"loc":{"start":{"line":13,"column":54},"end":{"line":23,"column":1}},"line":13}},"branchMap":{},"s":{"0":1,"1":1,"2":1,"3":1,"4":1,"5":0,"6":1,"7":4,"8":4,"9":4,"10":2,"11":2},"f":{"0":1,"1":4},"b":{},"_coverageSchema":"1a1c01bbd47fc00a2c39e90264f33305004495a9","hash":"dfd13b6c14efd21b17e0f5cd0cd867d895eef519"}
,"/Users/leekirkham_1/Desktop/MSc Computer Science/M10 - Dissertation Project/clinical-guideline-app-BE/data/readFormatFiles.js": {"path":"/Users/leekirkham_1/Desktop/MSc Computer Science/M10 - Dissertation Project/clinical-guideline-app-BE/data/readFormatFiles.js","statementMap":{"0":{"start":{"line":1,"column":11},"end":{"line":1,"column":33}},"1":{"start":{"line":4,"column":24},"end":{"line":4,"column":26}},"2":{"start":{"line":5,"column":20},"end":{"line":5,"column":67}},"3":{"start":{"line":7,"column":2},"end":{"line":16,"column":3}},"4":{"start":{"line":7,"column":15},"end":{"line":7,"column":16}},"5":{"start":{"line":8,"column":25},"end":{"line":11,"column":5}},"6":{"start":{"line":13,"column":27},"end":{"line":13,"column":51}},"7":{"start":{"line":15,"column":4},"end":{"line":15,"column":39}},"8":{"start":{"line":18,"column":2},"end":{"line":18,"column":23}},"9":{"start":{"line":21,"column":0},"end":{"line":21,"column":33}}},"fnMap":{"0":{"name":"readFormatFiles","decl":{"start":{"line":3,"column":15},"end":{"line":3,"column":30}},"loc":{"start":{"line":3,"column":33},"end":{"line":19,"column":1}},"line":3}},"branchMap":{},"s":{"0":1,"1":1,"2":1,"3":1,"4":1,"5":20,"6":20,"7":20,"8":1,"9":1},"f":{"0":1},"b":{},"_coverageSchema":"1a1c01bbd47fc00a2c39e90264f33305004495a9","hash":"16b9df96ae3ab9388c52e3a2f3733aca376b3211"}
,"/Users/leekirkham_1/Desktop/MSc Computer Science/M10 - Dissertation Project/clinical-guideline-app-BE/data/seed.js": {"path":"/Users/leekirkham_1/Desktop/MSc Computer Science/M10 - Dissertation Project/clinical-guideline-app-BE/data/seed.js","statementMap":{"0":{"start":{"line":1,"column":0},"end":{"line":1,"column":27}},"1":{"start":{"line":2,"column":17},"end":{"line":2,"column":36}},"2":{"start":{"line":3,"column":24},"end":{"line":3,"column":52}},"3":{"start":{"line":4,"column":24},"end":{"line":4,"column":64}},"4":{"start":{"line":5,"column":19},"end":{"line":5,"column":54}},"5":{"start":{"line":6,"column":18},"end":{"line":6,"column":46}},"6":{"start":{"line":7,"column":21},"end":{"line":7,"column":55}},"7":{"start":{"line":8,"column":23},"end":{"line":8,"column":59}},"8":{"start":{"line":9,"column":12},"end":{"line":9,"column":49}},"9":{"start":{"line":11,"column":0},"end":{"line":13,"column":3}},"10":{"start":{"line":16,"column":2},"end":{"line":16,"column":79}},"11":{"start":{"line":16,"column":33},"end":{"line":16,"column":79}},"12":{"start":{"line":18,"column":2},"end":{"line":49,"column":5}},"13":{"start":{"line":19,"column":4},"end":{"line":21,"column":6}},"14":{"start":{"line":23,"column":27},"end":{"line":23,"column":50}},"15":{"start":{"line":26,"column":6},"end":{"line":26,"column":37}},"16":{"start":{"line":28,"column":4},"end":{"line":28,"column":35}},"17":{"start":{"line":30,"column":4},"end":{"line":30,"column":40}},"18":{"start":{"line":32,"column":4},"end":{"line":32,"column":34}},"19":{"start":{"line":34,"column":4},"end":{"line":34,"column":38}},"20":{"start":{"line":36,"column":4},"end":{"line":36,"column":36}},"21":{"start":{"line":38,"column":4},"end":{"line":38,"column":41}},"22":{"start":{"line":40,"column":4},"end":{"line":40,"column":53}},"23":{"start":{"line":42,"column":4},"end":{"line":42,"column":31}},"24":{"start":{"line":44,"column":4},"end":{"line":44,"column":36}},"25":{"start":{"line":46,"column":4},"end":{"line":46,"column":43}},"26":{"start":{"line":48,"column":4},"end":{"line":48,"column":38}},"27":{"start":{"line":52,"column":0},"end":{"line":52,"column":22}}},"fnMap":{"0":{"name":"seed","decl":{"start":{"line":15,"column":15},"end":{"line":15,"column":19}},"loc":{"start":{"line":15,"column":22},"end":{"line":50,"column":1}},"line":15},"1":{"name":"(anonymous_1)","decl":{"start":{"line":18,"column":57},"end":{"line":18,"column":58}},"loc":{"start":{"line":18,"column":69},"end":{"line":49,"column":3}},"line":18},"2":{"name":"(anonymous_2)","decl":{"start":{"line":28,"column":25},"end":{"line":28,"column":26}},"loc":{"start":{"line":28,"column":31},"end":{"line":28,"column":33}},"line":28},"3":{"name":"(anonymous_3)","decl":{"start":{"line":32,"column":24},"end":{"line":32,"column":25}},"loc":{"start":{"line":32,"column":30},"end":{"line":32,"column":32}},"line":32},"4":{"name":"(anonymous_4)","decl":{"start":{"line":36,"column":26},"end":{"line":36,"column":27}},"loc":{"start":{"line":36,"column":32},"end":{"line":36,"column":34}},"line":36},"5":{"name":"(anonymous_5)","decl":{"start":{"line":42,"column":21},"end":{"line":42,"column":22}},"loc":{"start":{"line":42,"column":27},"end":{"line":42,"column":29}},"line":42}},"branchMap":{"0":{"loc":{"start":{"line":9,"column":12},"end":{"line":9,"column":49}},"type":"binary-expr","locations":[{"start":{"line":9,"column":12},"end":{"line":9,"column":32}},{"start":{"line":9,"column":36},"end":{"line":9,"column":49}}],"line":9},"1":{"loc":{"start":{"line":16,"column":2},"end":{"line":16,"column":79}},"type":"if","locations":[{"start":{"line":16,"column":2},"end":{"line":16,"column":79}},{"start":{},"end":{}}],"line":16}},"s":{"0":1,"1":1,"2":1,"3":1,"4":1,"5":1,"6":1,"7":1,"8":1,"9":1,"10":1,"11":0,"12":1,"13":1,"14":1,"15":1,"16":1,"17":1,"18":1,"19":1,"20":1,"21":1,"22":1,"23":1,"24":1,"25":1,"26":1,"27":1},"f":{"0":1,"1":1,"2":1,"3":1,"4":1,"5":1},"b":{"0":[1,0],"1":[0,1]},"_coverageSchema":"1a1c01bbd47fc00a2c39e90264f33305004495a9","hash":"0b8f731ef94a03578fd218d16a5d514f68bb2ad7"}
,"/Users/leekirkham_1/Desktop/MSc Computer Science/M10 - Dissertation Project/clinical-guideline-app-BE/data/user-data/users.js": {"path":"/Users/leekirkham_1/Desktop/MSc Computer Science/M10 - Dissertation Project/clinical-guideline-app-BE/data/user-data/users.js","statementMap":{"0":{"start":{"line":1,"column":18},"end":{"line":146,"column":1}},"1":{"start":{"line":148,"column":0},"end":{"line":148,"column":27}}},"fnMap":{},"branchMap":{},"s":{"0":1,"1":1},"f":{},"b":{},"_coverageSchema":"1a1c01bbd47fc00a2c39e90264f33305004495a9","hash":"eadc6c2e6504055917bb46efbbb56f91052e6d92"}
,"/Users/leekirkham_1/Desktop/MSc Computer Science/M10 - Dissertation Project/clinical-guideline-app-BE/errors/errors.js": {"path":"/Users/leekirkham_1/Desktop/MSc Computer Science/M10 - Dissertation Project/clinical-guideline-app-BE/errors/errors.js","statementMap":{"0":{"start":{"line":3,"column":0},"end":{"line":5,"column":2}},"1":{"start":{"line":4,"column":2},"end":{"line":4,"column":47}},"2":{"start":{"line":7,"column":0},"end":{"line":13,"column":2}},"3":{"start":{"line":8,"column":2},"end":{"line":12,"column":3}},"4":{"start":{"line":9,"column":4},"end":{"line":9,"column":50}},"5":{"start":{"line":11,"column":4},"end":{"line":11,"column":14}},"6":{"start":{"line":15,"column":0},"end":{"line":28,"column":2}},"7":{"start":{"line":16,"column":2},"end":{"line":27,"column":3}},"8":{"start":{"line":24,"column":4},"end":{"line":24,"column":49}},"9":{"start":{"line":26,"column":4},"end":{"line":26,"column":14}},"10":{"start":{"line":30,"column":0},"end":{"line":33,"column":2}},"11":{"start":{"line":31,"column":2},"end":{"line":31,"column":19}},"12":{"start":{"line":32,"column":2},"end":{"line":32,"column":57}}},"fnMap":{"0":{"name":"(anonymous_0)","decl":{"start":{"line":3,"column":21},"end":{"line":3,"column":22}},"loc":{"start":{"line":3,"column":35},"end":{"line":5,"column":1}},"line":3},"1":{"name":"(anonymous_1)","decl":{"start":{"line":7,"column":29},"end":{"line":7,"column":30}},"loc":{"start":{"line":7,"column":54},"end":{"line":13,"column":1}},"line":7},"2":{"name":"(anonymous_2)","decl":{"start":{"line":15,"column":26},"end":{"line":15,"column":27}},"loc":{"start":{"line":15,"column":51},"end":{"line":28,"column":1}},"line":15},"3":{"name":"(anonymous_3)","decl":{"start":{"line":30,"column":29},"end":{"line":30,"column":30}},"loc":{"start":{"line":30,"column":54},"end":{"line":33,"column":1}},"line":30}},"branchMap":{"0":{"loc":{"start":{"line":8,"column":2},"end":{"line":12,"column":3}},"type":"if","locations":[{"start":{"line":8,"column":2},"end":{"line":12,"column":3}},{"start":{"line":10,"column":9},"end":{"line":12,"column":3}}],"line":8},"1":{"loc":{"start":{"line":8,"column":6},"end":{"line":8,"column":27}},"type":"binary-expr","locations":[{"start":{"line":8,"column":6},"end":{"line":8,"column":16}},{"start":{"line":8,"column":20},"end":{"line":8,"column":27}}],"line":8},"2":{"loc":{"start":{"line":16,"column":2},"end":{"line":27,"column":3}},"type":"if","locations":[{"start":{"line":16,"column":2},"end":{"line":27,"column":3}},{"start":{"line":25,"column":9},"end":{"line":27,"column":3}}],"line":16},"3":{"loc":{"start":{"line":17,"column":4},"end":{"line":22,"column":34}},"type":"binary-expr","locations":[{"start":{"line":17,"column":4},"end":{"line":17,"column":28}},{"start":{"line":18,"column":4},"end":{"line":18,"column":34}},{"start":{"line":19,"column":4},"end":{"line":19,"column":40}},{"start":{"line":20,"column":4},"end":{"line":20,"column":33}},{"start":{"line":21,"column":4},"end":{"line":21,"column":37}},{"start":{"line":22,"column":4},"end":{"line":22,"column":34}}],"line":17}},"s":{"0":1,"1":7,"2":1,"3":38,"4":37,"5":1,"6":1,"7":1,"8":1,"9":0,"10":1,"11":0,"12":0},"f":{"0":7,"1":38,"2":1,"3":0},"b":{"0":[37,1],"1":[38,37],"2":[1,0],"3":[1,1,0,0,0,0]},"_coverageSchema":"1a1c01bbd47fc00a2c39e90264f33305004495a9","hash":"8c4d4b7fe42348d525ee4ee2761ee2b356b8d22a"}
,"/Users/leekirkham_1/Desktop/MSc Computer Science/M10 - Dissertation Project/clinical-guideline-app-BE/models/approvals.model.js": {"path":"/Users/leekirkham_1/Desktop/MSc Computer Science/M10 - Dissertation Project/clinical-guideline-app-BE/models/approvals.model.js","statementMap":{"0":{"start":{"line":1,"column":23},"end":{"line":1,"column":59}},"1":{"start":{"line":3,"column":0},"end":{"line":5,"column":2}},"2":{"start":{"line":4,"column":2},"end":{"line":4,"column":39}},"3":{"start":{"line":7,"column":0},"end":{"line":15,"column":2}},"4":{"start":{"line":8,"column":19},"end":{"line":10,"column":4}},"5":{"start":{"line":12,"column":2},"end":{"line":14,"column":70}},"6":{"start":{"line":17,"column":0},"end":{"line":23,"column":2}},"7":{"start":{"line":18,"column":2},"end":{"line":20,"column":3}},"8":{"start":{"line":19,"column":4},"end":{"line":19,"column":63}},"9":{"start":{"line":22,"column":2},"end":{"line":22,"column":43}},"10":{"start":{"line":25,"column":0},"end":{"line":33,"column":2}},"11":{"start":{"line":26,"column":19},"end":{"line":28,"column":4}},"12":{"start":{"line":30,"column":2},"end":{"line":32,"column":70}}},"fnMap":{"0":{"name":"(anonymous_0)","decl":{"start":{"line":3,"column":27},"end":{"line":3,"column":28}},"loc":{"start":{"line":3,"column":39},"end":{"line":5,"column":1}},"line":3},"1":{"name":"(anonymous_1)","decl":{"start":{"line":7,"column":37},"end":{"line":7,"column":38}},"loc":{"start":{"line":7,"column":62},"end":{"line":15,"column":1}},"line":7},"2":{"name":"(anonymous_2)","decl":{"start":{"line":17,"column":32},"end":{"line":17,"column":33}},"loc":{"start":{"line":17,"column":48},"end":{"line":23,"column":1}},"line":17},"3":{"name":"(anonymous_3)","decl":{"start":{"line":25,"column":42},"end":{"line":25,"column":43}},"loc":{"start":{"line":25,"column":67},"end":{"line":33,"column":1}},"line":25}},"branchMap":{"0":{"loc":{"start":{"line":12,"column":9},"end":{"line":14,"column":69}},"type":"cond-expr","locations":[{"start":{"line":13,"column":6},"end":{"line":13,"column":17}},{"start":{"line":14,"column":6},"end":{"line":14,"column":69}}],"line":12},"1":{"loc":{"start":{"line":18,"column":2},"end":{"line":20,"column":3}},"type":"if","locations":[{"start":{"line":18,"column":2},"end":{"line":20,"column":3}},{"start":{},"end":{}}],"line":18},"2":{"loc":{"start":{"line":30,"column":9},"end":{"line":32,"column":69}},"type":"cond-expr","locations":[{"start":{"line":31,"column":6},"end":{"line":31,"column":76}},{"start":{"line":32,"column":6},"end":{"line":32,"column":69}}],"line":30}},"s":{"0":1,"1":1,"2":1,"3":1,"4":5,"5":5,"6":1,"7":3,"8":1,"9":2,"10":1,"11":3,"12":3},"f":{"0":1,"1":5,"2":3,"3":3},"b":{"0":[1,4],"1":[1,2],"2":[1,2]},"_coverageSchema":"1a1c01bbd47fc00a2c39e90264f33305004495a9","hash":"fb5b0258f8ee6eb3856b2aa0f76512455cbebaf4"}
,"/Users/leekirkham_1/Desktop/MSc Computer Science/M10 - Dissertation Project/clinical-guideline-app-BE/models/branches.model.js": {"path":"/Users/leekirkham_1/Desktop/MSc Computer Science/M10 - Dissertation Project/clinical-guideline-app-BE/models/branches.model.js","statementMap":{"0":{"start":{"line":1,"column":21},"end":{"line":1,"column":55}},"1":{"start":{"line":3,"column":0},"end":{"line":5,"column":2}},"2":{"start":{"line":4,"column":2},"end":{"line":4,"column":37}},"3":{"start":{"line":7,"column":0},"end":{"line":15,"column":2}},"4":{"start":{"line":8,"column":17},"end":{"line":10,"column":4}},"5":{"start":{"line":12,"column":2},"end":{"line":14,"column":63}},"6":{"start":{"line":17,"column":0},"end":{"line":23,"column":2}},"7":{"start":{"line":18,"column":2},"end":{"line":20,"column":3}},"8":{"start":{"line":19,"column":4},"end":{"line":19,"column":63}},"9":{"start":{"line":22,"column":2},"end":{"line":22,"column":41}},"10":{"start":{"line":25,"column":0},"end":{"line":113,"column":2}},"11":{"start":{"line":26,"column":2},"end":{"line":28,"column":3}},"12":{"start":{"line":27,"column":4},"end":{"line":27,"column":63}},"13":{"start":{"line":30,"column":34},"end":{"line":33,"column":14}},"14":{"start":{"line":32,"column":19},"end":{"line":32,"column":37}},"15":{"start":{"line":35,"column":28},"end":{"line":108,"column":3}},"16":{"start":{"line":110,"column":2},"end":{"line":110,"column":37}},"17":{"start":{"line":112,"column":2},"end":{"line":112,"column":41}},"18":{"start":{"line":115,"column":0},"end":{"line":184,"column":2}},"19":{"start":{"line":122,"column":2},"end":{"line":124,"column":3}},"20":{"start":{"line":123,"column":4},"end":{"line":123,"column":63}},"21":{"start":{"line":126,"column":2},"end":{"line":128,"column":3}},"22":{"start":{"line":127,"column":4},"end":{"line":127,"column":63}},"23":{"start":{"line":130,"column":17},"end":{"line":132,"column":4}},"24":{"start":{"line":134,"column":2},"end":{"line":183,"column":3}},"25":{"start":{"line":135,"column":4},"end":{"line":135,"column":68}},"26":{"start":{"line":137,"column":4},"end":{"line":137,"column":43}},"27":{"start":{"line":139,"column":4},"end":{"line":173,"column":5}},"28":{"start":{"line":141,"column":8},"end":{"line":141,"column":63}},"29":{"start":{"line":143,"column":32},"end":{"line":149,"column":18}},"30":{"start":{"line":146,"column":31},"end":{"line":146,"column":64}},"31":{"start":{"line":147,"column":10},"end":{"line":147,"column":44}},"32":{"start":{"line":151,"column":6},"end":{"line":151,"column":64}},"33":{"start":{"line":152,"column":6},"end":{"line":152,"column":73}},"34":{"start":{"line":153,"column":6},"end":{"line":153,"column":74}},"35":{"start":{"line":156,"column":8},"end":{"line":157,"column":72}},"36":{"start":{"line":159,"column":32},"end":{"line":165,"column":18}},"37":{"start":{"line":162,"column":31},"end":{"line":162,"column":64}},"38":{"start":{"line":163,"column":10},"end":{"line":163,"column":44}},"39":{"start":{"line":167,"column":6},"end":{"line":168,"column":18}},"40":{"start":{"line":169,"column":6},"end":{"line":170,"column":29}},"41":{"start":{"line":171,"column":6},"end":{"line":172,"column":26}},"42":{"start":{"line":175,"column":4},"end":{"line":180,"column":6}},"43":{"start":{"line":182,"column":4},"end":{"line":182,"column":18}},"44":{"start":{"line":186,"column":0},"end":{"line":211,"column":2}},"45":{"start":{"line":190,"column":17},"end":{"line":192,"column":4}},"46":{"start":{"line":194,"column":21},"end":{"line":199,"column":3}},"47":{"start":{"line":201,"column":2},"end":{"line":201,"column":66}},"48":{"start":{"line":203,"column":2},"end":{"line":208,"column":4}},"49":{"start":{"line":210,"column":2},"end":{"line":210,"column":16}},"50":{"start":{"line":213,"column":0},"end":{"line":221,"column":2}},"51":{"start":{"line":214,"column":17},"end":{"line":216,"column":4}},"52":{"start":{"line":218,"column":2},"end":{"line":220,"column":63}},"53":{"start":{"line":223,"column":0},"end":{"line":246,"column":2}},"54":{"start":{"line":224,"column":2},"end":{"line":229,"column":3}},"55":{"start":{"line":225,"column":4},"end":{"line":228,"column":7}},"56":{"start":{"line":231,"column":17},"end":{"line":233,"column":4}},"57":{"start":{"line":235,"column":2},"end":{"line":235,"column":41}},"58":{"start":{"line":236,"column":2},"end":{"line":236,"column":44}},"59":{"start":{"line":238,"column":2},"end":{"line":243,"column":4}},"60":{"start":{"line":245,"column":2},"end":{"line":245,"column":16}},"61":{"start":{"line":248,"column":0},"end":{"line":263,"column":2}},"62":{"start":{"line":249,"column":17},"end":{"line":251,"column":4}},"63":{"start":{"line":253,"column":2},"end":{"line":253,"column":40}},"64":{"start":{"line":255,"column":2},"end":{"line":260,"column":4}},"65":{"start":{"line":262,"column":2},"end":{"line":262,"column":16}},"66":{"start":{"line":265,"column":0},"end":{"line":280,"column":2}},"67":{"start":{"line":266,"column":17},"end":{"line":268,"column":4}},"68":{"start":{"line":270,"column":2},"end":{"line":270,"column":41}},"69":{"start":{"line":272,"column":2},"end":{"line":277,"column":4}},"70":{"start":{"line":279,"column":2},"end":{"line":279,"column":16}},"71":{"start":{"line":282,"column":0},"end":{"line":290,"column":2}},"72":{"start":{"line":283,"column":17},"end":{"line":285,"column":4}},"73":{"start":{"line":287,"column":22},"end":{"line":287,"column":37}},"74":{"start":{"line":289,"column":2},"end":{"line":289,"column":21}},"75":{"start":{"line":292,"column":0},"end":{"line":319,"column":2}},"76":{"start":{"line":293,"column":27},"end":{"line":293,"column":37}},"77":{"start":{"line":295,"column":2},"end":{"line":297,"column":3}},"78":{"start":{"line":296,"column":4},"end":{"line":296,"column":63}},"79":{"start":{"line":299,"column":17},"end":{"line":301,"column":4}},"80":{"start":{"line":303,"column":2},"end":{"line":305,"column":3}},"81":{"start":{"line":304,"column":4},"end":{"line":304,"column":68}},"82":{"start":{"line":307,"column":2},"end":{"line":307,"column":35}},"83":{"start":{"line":309,"column":31},"end":{"line":309,"column":74}},"84":{"start":{"line":311,"column":2},"end":{"line":316,"column":4}},"85":{"start":{"line":318,"column":2},"end":{"line":318,"column":30}}},"fnMap":{"0":{"name":"(anonymous_0)","decl":{"start":{"line":3,"column":26},"end":{"line":3,"column":27}},"loc":{"start":{"line":3,"column":38},"end":{"line":5,"column":1}},"line":3},"1":{"name":"(anonymous_1)","decl":{"start":{"line":7,"column":33},"end":{"line":7,"column":34}},"loc":{"start":{"line":7,"column":56},"end":{"line":15,"column":1}},"line":7},"2":{"name":"(anonymous_2)","decl":{"start":{"line":17,"column":30},"end":{"line":17,"column":31}},"loc":{"start":{"line":17,"column":46},"end":{"line":23,"column":1}},"line":17},"3":{"name":"(anonymous_3)","decl":{"start":{"line":25,"column":32},"end":{"line":25,"column":33}},"loc":{"start":{"line":25,"column":48},"end":{"line":113,"column":1}},"line":25},"4":{"name":"(anonymous_4)","decl":{"start":{"line":32,"column":9},"end":{"line":32,"column":10}},"loc":{"start":{"line":32,"column":19},"end":{"line":32,"column":37}},"line":32},"5":{"name":"(anonymous_5)","decl":{"start":{"line":115,"column":35},"end":{"line":115,"column":36}},"loc":{"start":{"line":121,"column":5},"end":{"line":184,"column":1}},"line":121},"6":{"name":"(anonymous_6)","decl":{"start":{"line":145,"column":13},"end":{"line":145,"column":14}},"loc":{"start":{"line":145,"column":23},"end":{"line":148,"column":9}},"line":145},"7":{"name":"(anonymous_7)","decl":{"start":{"line":161,"column":13},"end":{"line":161,"column":14}},"loc":{"start":{"line":161,"column":23},"end":{"line":164,"column":9}},"line":161},"8":{"name":"(anonymous_8)","decl":{"start":{"line":186,"column":52},"end":{"line":186,"column":53}},"loc":{"start":{"line":189,"column":5},"end":{"line":211,"column":1}},"line":189},"9":{"name":"(anonymous_9)","decl":{"start":{"line":213,"column":38},"end":{"line":213,"column":39}},"loc":{"start":{"line":213,"column":61},"end":{"line":221,"column":1}},"line":213},"10":{"name":"(anonymous_10)","decl":{"start":{"line":223,"column":44},"end":{"line":223,"column":45}},"loc":{"start":{"line":223,"column":78},"end":{"line":246,"column":1}},"line":223},"11":{"name":"(anonymous_11)","decl":{"start":{"line":248,"column":34},"end":{"line":248,"column":35}},"loc":{"start":{"line":248,"column":57},"end":{"line":263,"column":1}},"line":248},"12":{"name":"(anonymous_12)","decl":{"start":{"line":265,"column":36},"end":{"line":265,"column":37}},"loc":{"start":{"line":265,"column":59},"end":{"line":280,"column":1}},"line":265},"13":{"name":"(anonymous_13)","decl":{"start":{"line":282,"column":32},"end":{"line":282,"column":33}},"loc":{"start":{"line":282,"column":55},"end":{"line":290,"column":1}},"line":282},"14":{"name":"(anonymous_14)","decl":{"start":{"line":292,"column":40},"end":{"line":292,"column":41}},"loc":{"start":{"line":292,"column":75},"end":{"line":319,"column":1}},"line":292}},"branchMap":{"0":{"loc":{"start":{"line":12,"column":9},"end":{"line":14,"column":62}},"type":"cond-expr","locations":[{"start":{"line":13,"column":6},"end":{"line":13,"column":15}},{"start":{"line":14,"column":6},"end":{"line":14,"column":62}}],"line":12},"1":{"loc":{"start":{"line":18,"column":2},"end":{"line":20,"column":3}},"type":"if","locations":[{"start":{"line":18,"column":2},"end":{"line":20,"column":3}},{"start":{},"end":{}}],"line":18},"2":{"loc":{"start":{"line":26,"column":2},"end":{"line":28,"column":3}},"type":"if","locations":[{"start":{"line":26,"column":2},"end":{"line":28,"column":3}},{"start":{},"end":{}}],"line":26},"3":{"loc":{"start":{"line":122,"column":2},"end":{"line":124,"column":3}},"type":"if","locations":[{"start":{"line":122,"column":2},"end":{"line":124,"column":3}},{"start":{},"end":{}}],"line":122},"4":{"loc":{"start":{"line":126,"column":2},"end":{"line":128,"column":3}},"type":"if","locations":[{"start":{"line":126,"column":2},"end":{"line":128,"column":3}},{"start":{},"end":{}}],"line":126},"5":{"loc":{"start":{"line":126,"column":6},"end":{"line":126,"column":70}},"type":"binary-expr","locations":[{"start":{"line":126,"column":6},"end":{"line":126,"column":36}},{"start":{"line":126,"column":40},"end":{"line":126,"column":70}}],"line":126},"6":{"loc":{"start":{"line":134,"column":2},"end":{"line":183,"column":3}},"type":"if","locations":[{"start":{"line":134,"column":2},"end":{"line":183,"column":3}},{"start":{"line":136,"column":9},"end":{"line":183,"column":3}}],"line":134},"7":{"loc":{"start":{"line":139,"column":4},"end":{"line":173,"column":5}},"type":"if","locations":[{"start":{"line":139,"column":4},"end":{"line":173,"column":5}},{"start":{"line":154,"column":11},"end":{"line":173,"column":5}}],"line":139},"8":{"loc":{"start":{"line":141,"column":8},"end":{"line":141,"column":63}},"type":"binary-expr","locations":[{"start":{"line":141,"column":8},"end":{"line":141,"column":16}},{"start":{"line":141,"column":20},"end":{"line":141,"column":63}}],"line":141},"9":{"loc":{"start":{"line":156,"column":8},"end":{"line":157,"column":72}},"type":"binary-expr","locations":[{"start":{"line":156,"column":8},"end":{"line":156,"column":16}},{"start":{"line":157,"column":8},"end":{"line":157,"column":72}}],"line":156},"10":{"loc":{"start":{"line":218,"column":9},"end":{"line":220,"column":62}},"type":"cond-expr","locations":[{"start":{"line":219,"column":6},"end":{"line":219,"column":63}},{"start":{"line":220,"column":6},"end":{"line":220,"column":62}}],"line":218},"11":{"loc":{"start":{"line":224,"column":2},"end":{"line":229,"column":3}},"type":"if","locations":[{"start":{"line":224,"column":2},"end":{"line":229,"column":3}},{"start":{},"end":{}}],"line":224},"12":{"loc":{"start":{"line":224,"column":6},"end":{"line":224,"column":42}},"type":"binary-expr","locations":[{"start":{"line":224,"column":6},"end":{"line":224,"column":16}},{"start":{"line":224,"column":20},"end":{"line":224,"column":42}}],"line":224},"13":{"loc":{"start":{"line":295,"column":2},"end":{"line":297,"column":3}},"type":"if","locations":[{"start":{"line":295,"column":2},"end":{"line":297,"column":3}},{"start":{},"end":{}}],"line":295},"14":{"loc":{"start":{"line":295,"column":6},"end":{"line":295,"column":22}},"type":"binary-expr","locations":[{"start":{"line":295,"column":6},"end":{"line":295,"column":13}},{"start":{"line":295,"column":17},"end":{"line":295,"column":22}}],"line":295},"15":{"loc":{"start":{"line":303,"column":2},"end":{"line":305,"column":3}},"type":"if","locations":[{"start":{"line":303,"column":2},"end":{"line":305,"column":3}},{"start":{},"end":{}}],"line":303}},"s":{"0":1,"1":1,"2":1,"3":1,"4":5,"5":5,"6":1,"7":5,"8":1,"9":4,"10":1,"11":1,"12":0,"13":1,"14":2,"15":1,"16":1,"17":1,"18":1,"19":9,"20":1,"21":8,"22":2,"23":6,"24":6,"25":1,"26":5,"27":5,"28":2,"29":2,"30":4,"31":4,"32":2,"33":2,"34":2,"35":3,"36":3,"37":13,"38":13,"39":3,"40":3,"41":3,"42":5,"43":5,"44":1,"45":1,"46":1,"47":1,"48":1,"49":1,"50":1,"51":7,"52":7,"53":1,"54":4,"55":2,"56":2,"57":2,"58":2,"59":2,"60":2,"61":1,"62":1,"63":1,"64":1,"65":1,"66":1,"67":1,"68":1,"69":1,"70":1,"71":1,"72":2,"73":2,"74":2,"75":1,"76":7,"77":7,"78":3,"79":4,"80":4,"81":2,"82":2,"83":2,"84":2,"85":2},"f":{"0":1,"1":5,"2":5,"3":1,"4":2,"5":9,"6":4,"7":13,"8":1,"9":7,"10":4,"11":1,"12":1,"13":2,"14":7},"b":{"0":[1,4],"1":[1,4],"2":[0,1],"3":[1,8],"4":[2,6],"5":[8,7],"6":[1,5],"7":[2,3],"8":[2,1],"9":[3,2],"10":[4,3],"11":[2,2],"12":[4,2],"13":[3,4],"14":[7,5],"15":[2,2]},"_coverageSchema":"1a1c01bbd47fc00a2c39e90264f33305004495a9","hash":"cbc935276f94a92db28bff000052f481de82cdfc"}
,"/Users/leekirkham_1/Desktop/MSc Computer Science/M10 - Dissertation Project/clinical-guideline-app-BE/models/guidelines.model.js": {"path":"/Users/leekirkham_1/Desktop/MSc Computer Science/M10 - Dissertation Project/clinical-guideline-app-BE/models/guidelines.model.js","statementMap":{"0":{"start":{"line":1,"column":24},"end":{"line":1,"column":64}},"1":{"start":{"line":3,"column":0},"end":{"line":15,"column":2}},"2":{"start":{"line":6,"column":2},"end":{"line":12,"column":3}},"3":{"start":{"line":7,"column":4},"end":{"line":7,"column":48}},"4":{"start":{"line":9,"column":4},"end":{"line":11,"column":7}},"5":{"start":{"line":14,"column":2},"end":{"line":14,"column":20}},"6":{"start":{"line":17,"column":0},"end":{"line":25,"column":2}},"7":{"start":{"line":18,"column":20},"end":{"line":20,"column":4}},"8":{"start":{"line":22,"column":2},"end":{"line":24,"column":66}},"9":{"start":{"line":27,"column":0},"end":{"line":35,"column":2}},"10":{"start":{"line":28,"column":20},"end":{"line":30,"column":4}},"11":{"start":{"line":32,"column":2},"end":{"line":34,"column":66}},"12":{"start":{"line":37,"column":0},"end":{"line":43,"column":2}},"13":{"start":{"line":38,"column":2},"end":{"line":40,"column":3}},"14":{"start":{"line":39,"column":4},"end":{"line":39,"column":63}},"15":{"start":{"line":42,"column":2},"end":{"line":42,"column":48}},"16":{"start":{"line":45,"column":0},"end":{"line":81,"column":2}},"17":{"start":{"line":50,"column":2},"end":{"line":52,"column":3}},"18":{"start":{"line":51,"column":4},"end":{"line":51,"column":63}},"19":{"start":{"line":54,"column":20},"end":{"line":56,"column":4}},"20":{"start":{"line":58,"column":2},"end":{"line":59,"column":71}},"21":{"start":{"line":59,"column":4},"end":{"line":59,"column":71}},"22":{"start":{"line":61,"column":26},"end":{"line":61,"column":59}},"23":{"start":{"line":62,"column":31},"end":{"line":62,"column":62}},"24":{"start":{"line":65,"column":2},"end":{"line":65,"column":44}},"25":{"start":{"line":68,"column":2},"end":{"line":69,"column":62}},"26":{"start":{"line":71,"column":2},"end":{"line":71,"column":80}},"27":{"start":{"line":73,"column":2},"end":{"line":78,"column":4}},"28":{"start":{"line":80,"column":2},"end":{"line":80,"column":25}}},"fnMap":{"0":{"name":"(anonymous_0)","decl":{"start":{"line":3,"column":28},"end":{"line":3,"column":29}},"loc":{"start":{"line":3,"column":46},"end":{"line":15,"column":1}},"line":3},"1":{"name":"(anonymous_1)","decl":{"start":{"line":17,"column":32},"end":{"line":17,"column":33}},"loc":{"start":{"line":17,"column":56},"end":{"line":25,"column":1}},"line":17},"2":{"name":"(anonymous_2)","decl":{"start":{"line":27,"column":37},"end":{"line":27,"column":38}},"loc":{"start":{"line":27,"column":61},"end":{"line":35,"column":1}},"line":27},"3":{"name":"(anonymous_3)","decl":{"start":{"line":37,"column":29},"end":{"line":37,"column":30}},"loc":{"start":{"line":37,"column":49},"end":{"line":43,"column":1}},"line":37},"4":{"name":"(anonymous_4)","decl":{"start":{"line":45,"column":34},"end":{"line":45,"column":35}},"loc":{"start":{"line":49,"column":5},"end":{"line":81,"column":1}},"line":49}},"branchMap":{"0":{"loc":{"start":{"line":6,"column":2},"end":{"line":12,"column":3}},"type":"if","locations":[{"start":{"line":6,"column":2},"end":{"line":12,"column":3}},{"start":{"line":8,"column":9},"end":{"line":12,"column":3}}],"line":6},"1":{"loc":{"start":{"line":6,"column":6},"end":{"line":6,"column":36}},"type":"binary-expr","locations":[{"start":{"line":6,"column":6},"end":{"line":6,"column":13}},{"start":{"line":6,"column":17},"end":{"line":6,"column":36}}],"line":6},"2":{"loc":{"start":{"line":22,"column":9},"end":{"line":24,"column":65}},"type":"cond-expr","locations":[{"start":{"line":23,"column":6},"end":{"line":23,"column":18}},{"start":{"line":24,"column":6},"end":{"line":24,"column":65}}],"line":22},"3":{"loc":{"start":{"line":32,"column":9},"end":{"line":34,"column":65}},"type":"cond-expr","locations":[{"start":{"line":33,"column":6},"end":{"line":33,"column":71}},{"start":{"line":34,"column":6},"end":{"line":34,"column":65}}],"line":32},"4":{"loc":{"start":{"line":38,"column":2},"end":{"line":40,"column":3}},"type":"if","locations":[{"start":{"line":38,"column":2},"end":{"line":40,"column":3}},{"start":{},"end":{}}],"line":38},"5":{"loc":{"start":{"line":50,"column":2},"end":{"line":52,"column":3}},"type":"if","locations":[{"start":{"line":50,"column":2},"end":{"line":52,"column":3}},{"start":{},"end":{}}],"line":50},"6":{"loc":{"start":{"line":58,"column":2},"end":{"line":59,"column":71}},"type":"if","locations":[{"start":{"line":58,"column":2},"end":{"line":59,"column":71}},{"start":{},"end":{}}],"line":58}},"s":{"0":1,"1":1,"2":6,"3":1,"4":5,"5":6,"6":1,"7":8,"8":8,"9":1,"10":4,"11":4,"12":1,"13":2,"14":1,"15":1,"16":1,"17":4,"18":1,"19":3,"20":3,"21":1,"22":2,"23":2,"24":2,"25":2,"26":2,"27":2,"28":2},"f":{"0":6,"1":8,"2":4,"3":2,"4":4},"b":{"0":[1,5],"1":[6,5],"2":[4,4],"3":[2,2],"4":[1,1],"5":[1,3],"6":[1,2]},"_coverageSchema":"1a1c01bbd47fc00a2c39e90264f33305004495a9","hash":"9499582d45ad33d28d08f88516bf1f2682e2dfb8"}
,"/Users/leekirkham_1/Desktop/MSc Computer Science/M10 - Dissertation Project/clinical-guideline-app-BE/models/users.model.js": {"path":"/Users/leekirkham_1/Desktop/MSc Computer Science/M10 - Dissertation Project/clinical-guideline-app-BE/models/users.model.js","statementMap":{"0":{"start":{"line":1,"column":19},"end":{"line":1,"column":54}},"1":{"start":{"line":3,"column":0},"end":{"line":7,"column":2}},"2":{"start":{"line":4,"column":16},"end":{"line":4,"column":41}},"3":{"start":{"line":6,"column":2},"end":{"line":6,"column":15}},"4":{"start":{"line":9,"column":0},"end":{"line":17,"column":2}},"5":{"start":{"line":10,"column":15},"end":{"line":12,"column":4}},"6":{"start":{"line":14,"column":2},"end":{"line":16,"column":65}}},"fnMap":{"0":{"name":"(anonymous_0)","decl":{"start":{"line":3,"column":23},"end":{"line":3,"column":24}},"loc":{"start":{"line":3,"column":35},"end":{"line":7,"column":1}},"line":3},"1":{"name":"(anonymous_1)","decl":{"start":{"line":9,"column":29},"end":{"line":9,"column":30}},"loc":{"start":{"line":9,"column":49},"end":{"line":17,"column":1}},"line":9}},"branchMap":{"0":{"loc":{"start":{"line":14,"column":9},"end":{"line":16,"column":64}},"type":"cond-expr","locations":[{"start":{"line":15,"column":6},"end":{"line":15,"column":13}},{"start":{"line":16,"column":6},"end":{"line":16,"column":64}}],"line":14}},"s":{"0":1,"1":1,"2":1,"3":1,"4":1,"5":4,"6":4},"f":{"0":1,"1":4},"b":{"0":[2,2]},"_coverageSchema":"1a1c01bbd47fc00a2c39e90264f33305004495a9","hash":"1f1cbb4fcea860938e36cf72bab98c74b1df5261"}
,"/Users/leekirkham_1/Desktop/MSc Computer Science/M10 - Dissertation Project/clinical-guideline-app-BE/routes/api-router.js": {"path":"/Users/leekirkham_1/Desktop/MSc Computer Science/M10 - Dissertation Project/clinical-guideline-app-BE/routes/api-router.js","statementMap":{"0":{"start":{"line":1,"column":23},"end":{"line":1,"column":63}},"1":{"start":{"line":2,"column":24},"end":{"line":2,"column":53}},"2":{"start":{"line":3,"column":23},"end":{"line":3,"column":51}},"3":{"start":{"line":4,"column":25},"end":{"line":4,"column":55}},"4":{"start":{"line":5,"column":20},"end":{"line":5,"column":45}},"5":{"start":{"line":7,"column":18},"end":{"line":7,"column":45}},"6":{"start":{"line":10,"column":0},"end":{"line":10,"column":31}},"7":{"start":{"line":13,"column":0},"end":{"line":13,"column":47}},"8":{"start":{"line":16,"column":0},"end":{"line":16,"column":37}},"9":{"start":{"line":19,"column":0},"end":{"line":19,"column":43}},"10":{"start":{"line":22,"column":0},"end":{"line":22,"column":45}},"11":{"start":{"line":24,"column":0},"end":{"line":24,"column":27}}},"fnMap":{},"branchMap":{},"s":{"0":1,"1":1,"2":1,"3":1,"4":1,"5":1,"6":1,"7":1,"8":1,"9":1,"10":1,"11":1},"f":{},"b":{},"_coverageSchema":"1a1c01bbd47fc00a2c39e90264f33305004495a9","hash":"08e951890430cd28549e60acb44e4fd52d57e5af"}
,"/Users/leekirkham_1/Desktop/MSc Computer Science/M10 - Dissertation Project/clinical-guideline-app-BE/routes/approvals-router.js": {"path":"/Users/leekirkham_1/Desktop/MSc Computer Science/M10 - Dissertation Project/clinical-guideline-app-BE/routes/approvals-router.js","statementMap":{"0":{"start":{"line":6,"column":4},"end":{"line":6,"column":50}},"1":{"start":{"line":8,"column":24},"end":{"line":8,"column":51}},"2":{"start":{"line":11,"column":0},"end":{"line":11,"column":67}},"3":{"start":{"line":14,"column":0},"end":{"line":17,"column":40}},"4":{"start":{"line":19,"column":0},"end":{"line":19,"column":33}}},"fnMap":{},"branchMap":{},"s":{"0":1,"1":1,"2":1,"3":1,"4":1},"f":{},"b":{},"_coverageSchema":"1a1c01bbd47fc00a2c39e90264f33305004495a9","hash":"1018397633ba5285e3ffad6285072ecdbc201803"}
,"/Users/leekirkham_1/Desktop/MSc Computer Science/M10 - Dissertation Project/clinical-guideline-app-BE/routes/branches-router.js": {"path":"/Users/leekirkham_1/Desktop/MSc Computer Science/M10 - Dissertation Project/clinical-guideline-app-BE/routes/branches-router.js","statementMap":{"0":{"start":{"line":13,"column":4},"end":{"line":13,"column":49}},"1":{"start":{"line":15,"column":23},"end":{"line":15,"column":50}},"2":{"start":{"line":18,"column":0},"end":{"line":18,"column":60}},"3":{"start":{"line":21,"column":0},"end":{"line":25,"column":36}},"4":{"start":{"line":28,"column":0},"end":{"line":30,"column":41}},"5":{"start":{"line":33,"column":0},"end":{"line":35,"column":48}},"6":{"start":{"line":38,"column":0},"end":{"line":40,"column":50}},"7":{"start":{"line":43,"column":0},"end":{"line":45,"column":48}},"8":{"start":{"line":48,"column":0},"end":{"line":51,"column":35}},"9":{"start":{"line":53,"column":0},"end":{"line":53,"column":32}}},"fnMap":{},"branchMap":{},"s":{"0":1,"1":1,"2":1,"3":1,"4":1,"5":1,"6":1,"7":1,"8":1,"9":1},"f":{},"b":{},"_coverageSchema":"1a1c01bbd47fc00a2c39e90264f33305004495a9","hash":"addaf15dc108a83088733fb82d25633f4a6a46c9"}
,"/Users/leekirkham_1/Desktop/MSc Computer Science/M10 - Dissertation Project/clinical-guideline-app-BE/routes/guidelines-router.js": {"path":"/Users/leekirkham_1/Desktop/MSc Computer Science/M10 - Dissertation Project/clinical-guideline-app-BE/routes/guidelines-router.js","statementMap":{"0":{"start":{"line":7,"column":4},"end":{"line":7,"column":51}},"1":{"start":{"line":9,"column":25},"end":{"line":9,"column":52}},"2":{"start":{"line":12,"column":0},"end":{"line":12,"column":67}},"3":{"start":{"line":15,"column":0},"end":{"line":19,"column":29}},"4":{"start":{"line":21,"column":0},"end":{"line":21,"column":34}}},"fnMap":{},"branchMap":{},"s":{"0":1,"1":1,"2":1,"3":1,"4":1},"f":{},"b":{},"_coverageSchema":"1a1c01bbd47fc00a2c39e90264f33305004495a9","hash":"bdd105d9d3d926697f6f5fce257f47a460fd3a8e"}
,"/Users/leekirkham_1/Desktop/MSc Computer Science/M10 - Dissertation Project/clinical-guideline-app-BE/routes/users-router.js": {"path":"/Users/leekirkham_1/Desktop/MSc Computer Science/M10 - Dissertation Project/clinical-guideline-app-BE/routes/users-router.js","statementMap":{"0":{"start":{"line":4,"column":4},"end":{"line":4,"column":46}},"1":{"start":{"line":6,"column":20},"end":{"line":6,"column":47}},"2":{"start":{"line":9,"column":0},"end":{"line":9,"column":37}},"3":{"start":{"line":12,"column":0},"end":{"line":12,"column":55}},"4":{"start":{"line":14,"column":0},"end":{"line":14,"column":29}}},"fnMap":{},"branchMap":{},"s":{"0":1,"1":1,"2":1,"3":1,"4":1},"f":{},"b":{},"_coverageSchema":"1a1c01bbd47fc00a2c39e90264f33305004495a9","hash":"c9049225c9cf724f8185e61349c19dca21c94087"}
,"/Users/leekirkham_1/Desktop/MSc Computer Science/M10 - Dissertation Project/clinical-guideline-app-BE/schemas/ApprovalSchema.js": {"path":"/Users/leekirkham_1/Desktop/MSc Computer Science/M10 - Dissertation Project/clinical-guideline-app-BE/schemas/ApprovalSchema.js","statementMap":{"0":{"start":{"line":1,"column":17},"end":{"line":1,"column":36}},"1":{"start":{"line":3,"column":23},"end":{"line":32,"column":2}},"2":{"start":{"line":34,"column":0},"end":{"line":34,"column":60}}},"fnMap":{},"branchMap":{},"s":{"0":1,"1":1,"2":1},"f":{},"b":{},"_coverageSchema":"1a1c01bbd47fc00a2c39e90264f33305004495a9","hash":"201f9532603de31e156f07c07516285eb4575341"}
,"/Users/leekirkham_1/Desktop/MSc Computer Science/M10 - Dissertation Project/clinical-guideline-app-BE/schemas/BranchSchema.js": {"path":"/Users/leekirkham_1/Desktop/MSc Computer Science/M10 - Dissertation Project/clinical-guideline-app-BE/schemas/BranchSchema.js","statementMap":{"0":{"start":{"line":1,"column":17},"end":{"line":1,"column":36}},"1":{"start":{"line":3,"column":23},"end":{"line":16,"column":2}},"2":{"start":{"line":18,"column":21},"end":{"line":52,"column":2}},"3":{"start":{"line":54,"column":0},"end":{"line":54,"column":56}}},"fnMap":{},"branchMap":{},"s":{"0":1,"1":1,"2":1,"3":1},"f":{},"b":{},"_coverageSchema":"1a1c01bbd47fc00a2c39e90264f33305004495a9","hash":"59c87e1ae0cf37a43f0c21fcdbacbf52f2371847"}
,"/Users/leekirkham_1/Desktop/MSc Computer Science/M10 - Dissertation Project/clinical-guideline-app-BE/schemas/GuidelineSchema.js": {"path":"/Users/leekirkham_1/Desktop/MSc Computer Science/M10 - Dissertation Project/clinical-guideline-app-BE/schemas/GuidelineSchema.js","statementMap":{"0":{"start":{"line":1,"column":17},"end":{"line":1,"column":36}},"1":{"start":{"line":3,"column":24},"end":{"line":55,"column":2}},"2":{"start":{"line":57,"column":0},"end":{"line":57,"column":62}}},"fnMap":{},"branchMap":{},"s":{"0":1,"1":1,"2":1},"f":{},"b":{},"_coverageSchema":"1a1c01bbd47fc00a2c39e90264f33305004495a9","hash":"a446c65a42aae1d213b133c9eb4dd56a835125c6"}
,"/Users/leekirkham_1/Desktop/MSc Computer Science/M10 - Dissertation Project/clinical-guideline-app-BE/schemas/UserSchema.js": {"path":"/Users/leekirkham_1/Desktop/MSc Computer Science/M10 - Dissertation Project/clinical-guideline-app-BE/schemas/UserSchema.js","statementMap":{"0":{"start":{"line":1,"column":17},"end":{"line":1,"column":36}},"1":{"start":{"line":3,"column":19},"end":{"line":41,"column":2}},"2":{"start":{"line":43,"column":0},"end":{"line":43,"column":52}}},"fnMap":{},"branchMap":{},"s":{"0":1,"1":1,"2":1},"f":{},"b":{},"_coverageSchema":"1a1c01bbd47fc00a2c39e90264f33305004495a9","hash":"5cb4a8a47145813b809435199797c55b2b7a6aae"}
}
