TN:
SF:app.js
FN:20,(anonymous_0)
FNF:1
FNH:1
FNDA:38,(anonymous_0)
DA:1,1
DA:2,1
DA:3,1
DA:4,1
DA:11,1
DA:14,1
DA:17,1
DA:18,1
DA:21,38
DA:26,1
DA:29,1
DA:32,1
DA:33,1
DA:34,1
DA:35,1
DA:37,1
LF:16
LH:16
BRF:0
BRH:0
end_of_record
TN:
SF:controllers/api.controller.js
FN:1,(anonymous_0)
FNF:1
FNH:1
FNDA:1,(anonymous_0)
DA:1,1
DA:2,1
DA:3,1
DA:7,0
LF:4
LH:3
BRF:0
BRH:0
end_of_record
TN:
SF:controllers/approvals.controller.js
FN:8,(anonymous_0)
FN:18,(anonymous_1)
FN:30,(anonymous_2)
FN:49,(anonymous_3)
FNF:4
FNH:4
FNDA:1,(anonymous_0)
FNDA:5,(anonymous_1)
FNDA:4,(anonymous_2)
FNDA:3,(anonymous_3)
DA:6,1
DA:8,1
DA:9,1
DA:10,1
DA:12,1
DA:14,0
DA:18,1
DA:19,5
DA:20,5
DA:22,5
DA:24,1
DA:26,4
DA:30,1
DA:31,4
DA:32,4
DA:33,4
DA:36,4
DA:37,1
DA:40,4
DA:41,3
DA:42,1
DA:45,2
DA:49,1
DA:50,3
DA:51,3
DA:53,3
DA:57,1
DA:58,1
DA:60,0
DA:63,2
LF:30
LH:28
BRDA:36,0,0,1
BRDA:36,0,1,3
BRDA:40,1,0,3
BRDA:40,1,1,1
BRDA:57,2,0,1
BRDA:57,2,1,0
BRF:6
BRH:5
end_of_record
TN:
SF:controllers/branches.controller.js
FN:16,(anonymous_0)
FN:26,(anonymous_1)
FN:38,(anonymous_2)
FN:60,(anonymous_3)
FN:79,(anonymous_4)
FN:95,(anonymous_5)
FN:111,(anonymous_6)
FN:127,(anonymous_7)
FN:139,(anonymous_8)
FN:151,(anonymous_9)
FN:163,(anonymous_10)
FNF:11
FNH:11
FNDA:1,(anonymous_0)
FNDA:5,(anonymous_1)
FNDA:7,(anonymous_2)
FNDA:9,(anonymous_3)
FNDA:7,(anonymous_4)
FNDA:4,(anonymous_5)
FNDA:1,(anonymous_6)
FNDA:1,(anonymous_7)
FNDA:1,(anonymous_8)
FNDA:2,(anonymous_9)
FNDA:7,(anonymous_10)
DA:14,1
DA:16,1
DA:17,1
DA:18,1
DA:20,1
DA:22,0
DA:26,1
DA:27,5
DA:28,5
DA:30,5
DA:32,1
DA:34,4
DA:38,1
DA:39,7
DA:40,7
DA:41,7
DA:44,7
DA:45,1
DA:48,7
DA:49,5
DA:50,4
DA:51,2
DA:52,1
DA:53,1
DA:56,1
DA:60,1
DA:61,9
DA:62,9
DA:63,9
DA:65,9
DA:73,5
DA:75,4
DA:79,1
DA:80,7
DA:81,7
DA:83,7
DA:85,4
DA:86,4
DA:88,0
DA:91,3
DA:95,1
DA:96,4
DA:97,4
DA:98,4
DA:100,4
DA:105,2
DA:107,2
DA:111,1
DA:112,1
DA:113,1
DA:114,1
DA:116,1
DA:121,1
DA:123,0
DA:127,1
DA:128,1
DA:129,1
DA:131,1
DA:133,1
DA:135,0
DA:139,1
DA:140,1
DA:141,1
DA:143,1
DA:145,1
DA:147,0
DA:151,1
DA:152,2
DA:153,2
DA:155,2
DA:157,2
DA:159,0
DA:163,1
DA:164,7
DA:165,7
DA:166,7
DA:168,7
DA:173,2
DA:175,5
LF:79
LH:73
BRDA:44,0,0,1
BRDA:44,0,1,6
BRDA:48,1,0,5
BRDA:48,1,1,2
BRDA:51,2,0,1
BRDA:51,2,1,1
BRDA:85,3,0,4
BRDA:85,3,1,0
BRF:8
BRH:7
end_of_record
TN:
SF:controllers/guidelines.controller.js
FN:9,(anonymous_0)
FN:21,(anonymous_1)
FN:33,(anonymous_2)
FN:45,(anonymous_3)
FN:57,(anonymous_4)
FNF:5
FNH:5
FNDA:6,(anonymous_0)
FNDA:8,(anonymous_1)
FNDA:2,(anonymous_2)
FNDA:4,(anonymous_3)
FNDA:4,(anonymous_4)
DA:7,1
DA:9,1
DA:10,6
DA:11,6
DA:13,6
DA:15,6
DA:17,0
DA:21,1
DA:22,8
DA:23,8
DA:25,8
DA:27,4
DA:29,4
DA:33,1
DA:34,2
DA:35,2
DA:37,2
DA:39,1
DA:41,1
DA:45,1
DA:46,4
DA:47,4
DA:49,4
DA:51,2
DA:53,2
DA:57,1
DA:58,4
DA:59,4
DA:60,4
DA:62,4
DA:68,2
DA:70,2
LF:32
LH:31
BRF:0
BRH:0
end_of_record
TN:
SF:controllers/users.controller.js
FN:3,(anonymous_0)
FN:13,(anonymous_1)
FNF:2
FNH:2
FNDA:1,(anonymous_0)
FNDA:4,(anonymous_1)
DA:1,1
DA:3,1
DA:4,1
DA:5,1
DA:7,1
DA:9,0
DA:13,1
DA:14,4
DA:15,4
DA:17,4
DA:19,2
DA:21,2
LF:12
LH:11
BRF:0
BRH:0
end_of_record
TN:
SF:data/readFormatFiles.js
FN:3,readFormatFiles
FNF:1
FNH:1
FNDA:1,readFormatFiles
DA:1,1
DA:4,1
DA:5,1
DA:7,1
DA:8,20
DA:13,20
DA:15,20
DA:18,1
DA:21,1
LF:9
LH:9
BRF:0
BRH:0
end_of_record
TN:
SF:data/seed.js
FN:15,seed
FN:18,(anonymous_1)
FN:28,(anonymous_2)
FN:32,(anonymous_3)
FN:36,(anonymous_4)
FN:42,(anonymous_5)
FNF:6
FNH:6
FNDA:1,seed
FNDA:1,(anonymous_1)
FNDA:1,(anonymous_2)
FNDA:1,(anonymous_3)
FNDA:1,(anonymous_4)
FNDA:1,(anonymous_5)
DA:1,1
DA:2,1
DA:3,1
DA:4,1
DA:5,1
DA:6,1
DA:7,1
DA:8,1
DA:9,1
DA:11,1
DA:16,1
DA:18,1
DA:19,1
DA:23,1
DA:26,1
DA:28,1
DA:30,1
DA:32,1
DA:34,1
DA:36,1
DA:38,1
DA:40,1
DA:42,1
DA:44,1
DA:46,1
DA:48,1
DA:52,1
LF:27
LH:27
BRDA:9,0,0,1
BRDA:9,0,1,0
BRDA:16,1,0,0
BRDA:16,1,1,1
BRF:4
BRH:2
end_of_record
TN:
SF:data/user-data/users.js
FNF:0
FNH:0
DA:1,1
DA:148,1
LF:2
LH:2
BRF:0
BRH:0
end_of_record
TN:
SF:errors/errors.js
FN:3,(anonymous_0)
FN:7,(anonymous_1)
FN:15,(anonymous_2)
FN:30,(anonymous_3)
FNF:4
FNH:3
FNDA:7,(anonymous_0)
FNDA:38,(anonymous_1)
FNDA:1,(anonymous_2)
FNDA:0,(anonymous_3)
DA:3,1
DA:4,7
DA:7,1
DA:8,38
DA:9,37
DA:11,1
DA:15,1
DA:16,1
DA:24,1
DA:26,0
DA:30,1
DA:31,0
DA:32,0
LF:13
LH:10
BRDA:8,0,0,37
BRDA:8,0,1,1
BRDA:8,1,0,38
BRDA:8,1,1,37
BRDA:16,2,0,1
BRDA:16,2,1,0
BRDA:17,3,0,1
BRDA:17,3,1,1
BRDA:17,3,2,0
BRDA:17,3,3,0
BRDA:17,3,4,0
BRDA:17,3,5,0
BRF:12
BRH:7
end_of_record
TN:
SF:models/approvals.model.js
FN:3,(anonymous_0)
FN:7,(anonymous_1)
FN:17,(anonymous_2)
FN:25,(anonymous_3)
FNF:4
FNH:4
FNDA:1,(anonymous_0)
FNDA:5,(anonymous_1)
FNDA:3,(anonymous_2)
FNDA:3,(anonymous_3)
DA:1,1
DA:3,1
DA:4,1
DA:7,1
DA:8,5
DA:12,5
DA:17,1
DA:18,3
DA:19,1
DA:22,2
DA:25,1
DA:26,3
DA:30,3
LF:13
LH:13
BRDA:12,0,0,1
BRDA:12,0,1,4
BRDA:18,1,0,1
BRDA:18,1,1,2
BRDA:30,2,0,1
BRDA:30,2,1,2
BRF:6
BRH:6
end_of_record
TN:
SF:models/branches.model.js
FN:3,(anonymous_0)
FN:7,(anonymous_1)
FN:17,(anonymous_2)
FN:25,(anonymous_3)
FN:32,(anonymous_4)
FN:115,(anonymous_5)
FN:145,(anonymous_6)
FN:161,(anonymous_7)
FN:186,(anonymous_8)
FN:213,(anonymous_9)
FN:223,(anonymous_10)
FN:248,(anonymous_11)
FN:265,(anonymous_12)
FN:282,(anonymous_13)
FN:292,(anonymous_14)
FNF:15
FNH:15
FNDA:1,(anonymous_0)
FNDA:5,(anonymous_1)
FNDA:5,(anonymous_2)
FNDA:1,(anonymous_3)
FNDA:2,(anonymous_4)
FNDA:9,(anonymous_5)
FNDA:4,(anonymous_6)
FNDA:13,(anonymous_7)
FNDA:1,(anonymous_8)
FNDA:7,(anonymous_9)
FNDA:4,(anonymous_10)
FNDA:1,(anonymous_11)
FNDA:1,(anonymous_12)
FNDA:2,(anonymous_13)
FNDA:7,(anonymous_14)
DA:1,1
DA:3,1
DA:4,1
DA:7,1
DA:8,5
DA:12,5
DA:17,1
DA:18,5
DA:19,1
DA:22,4
DA:25,1
DA:26,1
DA:27,0
DA:30,1
DA:32,2
DA:35,1
DA:110,1
DA:112,1
DA:115,1
DA:122,9
DA:123,1
DA:126,8
DA:127,2
DA:130,6
DA:134,6
DA:135,1
DA:137,5
DA:139,5
DA:141,2
DA:143,2
DA:146,4
DA:147,4
DA:151,2
DA:152,2
DA:153,2
DA:156,3
DA:159,3
DA:162,13
DA:163,13
DA:167,3
DA:169,3
DA:171,3
DA:175,5
DA:182,5
DA:186,1
DA:190,1
DA:194,1
DA:201,1
DA:203,1
DA:210,1
DA:213,1
DA:214,7
DA:218,7
DA:223,1
DA:224,4
DA:225,2
DA:231,2
DA:235,2
DA:236,2
DA:238,2
DA:245,2
DA:248,1
DA:249,1
DA:253,1
DA:255,1
DA:262,1
DA:265,1
DA:266,1
DA:270,1
DA:272,1
DA:279,1
DA:282,1
DA:283,2
DA:287,2
DA:289,2
DA:292,1
DA:293,7
DA:295,7
DA:296,3
DA:299,4
DA:303,4
DA:304,2
DA:307,2
DA:309,2
DA:311,2
DA:318,2
LF:86
LH:85
BRDA:12,0,0,1
BRDA:12,0,1,4
BRDA:18,1,0,1
BRDA:18,1,1,4
BRDA:26,2,0,0
BRDA:26,2,1,1
BRDA:122,3,0,1
BRDA:122,3,1,8
BRDA:126,4,0,2
BRDA:126,4,1,6
BRDA:126,5,0,8
BRDA:126,5,1,7
BRDA:134,6,0,1
BRDA:134,6,1,5
BRDA:139,7,0,2
BRDA:139,7,1,3
BRDA:141,8,0,2
BRDA:141,8,1,1
BRDA:156,9,0,3
BRDA:156,9,1,2
BRDA:218,10,0,4
BRDA:218,10,1,3
BRDA:224,11,0,2
BRDA:224,11,1,2
BRDA:224,12,0,4
BRDA:224,12,1,2
BRDA:295,13,0,3
BRDA:295,13,1,4
BRDA:295,14,0,7
BRDA:295,14,1,5
BRDA:303,15,0,2
BRDA:303,15,1,2
BRF:32
BRH:31
end_of_record
TN:
SF:models/guidelines.model.js
FN:3,(anonymous_0)
FN:17,(anonymous_1)
FN:27,(anonymous_2)
FN:37,(anonymous_3)
FN:45,(anonymous_4)
FNF:5
FNH:5
FNDA:6,(anonymous_0)
FNDA:8,(anonymous_1)
FNDA:4,(anonymous_2)
FNDA:2,(anonymous_3)
FNDA:4,(anonymous_4)
DA:1,1
DA:3,1
DA:6,6
DA:7,1
DA:9,5
DA:14,6
DA:17,1
DA:18,8
DA:22,8
DA:27,1
DA:28,4
DA:32,4
DA:37,1
DA:38,2
DA:39,1
DA:42,1
DA:45,1
DA:50,4
DA:51,1
DA:54,3
DA:58,3
DA:59,1
DA:61,2
DA:62,2
DA:65,2
DA:68,2
DA:71,2
DA:73,2
DA:80,2
LF:29
LH:29
BRDA:6,0,0,1
BRDA:6,0,1,5
BRDA:6,1,0,6
BRDA:6,1,1,5
BRDA:22,2,0,4
BRDA:22,2,1,4
BRDA:32,3,0,2
BRDA:32,3,1,2
BRDA:38,4,0,1
BRDA:38,4,1,1
BRDA:50,5,0,1
BRDA:50,5,1,3
BRDA:58,6,0,1
BRDA:58,6,1,2
BRF:14
BRH:14
end_of_record
TN:
SF:models/users.model.js
FN:3,(anonymous_0)
FN:9,(anonymous_1)
FNF:2
FNH:2
FNDA:1,(anonymous_0)
FNDA:4,(anonymous_1)
DA:1,1
DA:3,1
DA:4,1
DA:6,1
DA:9,1
DA:10,4
DA:14,4
LF:7
LH:7
BRDA:14,0,0,2
BRDA:14,0,1,2
BRF:2
BRH:2
end_of_record
TN:
SF:routes/api-router.js
FNF:0
FNH:0
DA:1,1
DA:2,1
DA:3,1
DA:4,1
DA:5,1
DA:7,1
DA:10,1
DA:13,1
DA:16,1
DA:19,1
DA:22,1
DA:24,1
LF:12
LH:12
BRF:0
BRH:0
end_of_record
TN:
SF:routes/approvals-router.js
FNF:0
FNH:0
DA:6,1
DA:8,1
DA:11,1
DA:14,1
DA:19,1
LF:5
LH:5
BRF:0
BRH:0
end_of_record
TN:
SF:routes/branches-router.js
FNF:0
FNH:0
DA:13,1
DA:15,1
DA:18,1
DA:21,1
DA:28,1
DA:33,1
DA:38,1
DA:43,1
DA:48,1
DA:53,1
LF:10
LH:10
BRF:0
BRH:0
end_of_record
TN:
SF:routes/guidelines-router.js
FNF:0
FNH:0
DA:7,1
DA:9,1
DA:12,1
DA:15,1
DA:21,1
LF:5
LH:5
BRF:0
BRH:0
end_of_record
TN:
SF:routes/users-router.js
FNF:0
FNH:0
DA:4,1
DA:6,1
DA:9,1
DA:12,1
DA:14,1
LF:5
LH:5
BRF:0
BRH:0
end_of_record
TN:
SF:schemas/ApprovalSchema.js
FNF:0
FNH:0
DA:1,1
DA:3,1
DA:34,1
LF:3
LH:3
BRF:0
BRH:0
end_of_record
TN:
SF:schemas/BranchSchema.js
FNF:0
FNH:0
DA:1,1
DA:3,1
DA:18,1
DA:54,1
LF:4
LH:4
BRF:0
BRH:0
end_of_record
TN:
SF:schemas/GuidelineSchema.js
FNF:0
FNH:0
DA:1,1
DA:3,1
DA:57,1
LF:3
LH:3
BRF:0
BRH:0
end_of_record
TN:
SF:schemas/UserSchema.js
FNF:0
FNH:0
DA:1,1
DA:3,1
DA:43,1
LF:3
LH:3
BRF:0
BRH:0
end_of_record
